-------------------------------------------------------------------------------
Test set: br.ufpb.dcx.amigosecreto.SistemaAmigoTest
-------------------------------------------------------------------------------
Tests run: 7, Failures: 6, Errors: 1, Skipped: 0, Time elapsed: 0.094 s <<< FAILURE! - in br.ufpb.dcx.amigosecreto.SistemaAmigoTest
testPesquisaAmigoEConfiguraAmigoSecretoDe  Time elapsed: 0.06 s  <<< FAILURE!
org.opentest4j.AssertionFailedError: Expected br.ufpb.dcx.amigosecreto.AmigoInexistenteException to be thrown, but nothing was thrown.
	at br.ufpb.dcx.amigosecreto.SistemaAmigoTest.testPesquisaAmigoEConfiguraAmigoSecretoDe(SistemaAmigoTest.java:89)

testPesquisaECadastraAmigo  Time elapsed: 0 s  <<< FAILURE!
org.opentest4j.AssertionFailedError: Deveria falhar pois não existe ainda
	at br.ufpb.dcx.amigosecreto.SistemaAmigoTest.testPesquisaECadastraAmigo(SistemaAmigoTest.java:34)

testEnviarMensagemParaTodos  Time elapsed: 0.004 s  <<< FAILURE!
org.opentest4j.AssertionFailedError: expected: <true> but was: <false>
	at br.ufpb.dcx.amigosecreto.SistemaAmigoTest.testEnviarMensagemParaTodos(SistemaAmigoTest.java:55)

testSistemaAmigo  Time elapsed: 0.001 s  <<< FAILURE!
org.opentest4j.AssertionFailedError: Expected br.ufpb.dcx.amigosecreto.AmigoInexistenteException to be thrown, but nothing was thrown.
	at br.ufpb.dcx.amigosecreto.SistemaAmigoTest.testSistemaAmigo(SistemaAmigoTest.java:26)

testPesquisaTodasAsMensagens  Time elapsed: 0.001 s  <<< FAILURE!
org.opentest4j.AssertionFailedError: expected: <true> but was: <false>
	at br.ufpb.dcx.amigosecreto.SistemaAmigoTest.testPesquisaTodasAsMensagens(SistemaAmigoTest.java:82)

testEnviarMensagemParaAlguem  Time elapsed: 0.003 s  <<< FAILURE!
org.opentest4j.AssertionFailedError: expected: <1> but was: <0>
	at br.ufpb.dcx.amigosecreto.SistemaAmigoTest.testEnviarMensagemParaAlguem(SistemaAmigoTest.java:64)

testPesquisaMensagensAnonimas  Time elapsed: 0 s  <<< ERROR!
java.lang.NullPointerException
	at br.ufpb.dcx.amigosecreto.SistemaAmigoTest.testPesquisaMensagensAnonimas(SistemaAmigoTest.java:73)

