<?xml version="1.0" encoding="UTF-8"?>
<testsuite xmlns:xsi="http://www.w3.org/2001/XMLSchema-instance" xsi:noNamespaceSchemaLocation="https://maven.apache.org/surefire/maven-surefire-plugin/xsd/surefire-test-report.xsd" name="br.ufpb.dcx.amigosecreto.SistemaAmigoTest" time="0.094" tests="7" errors="1" skipped="0" failures="6">
  <properties>
[...]
</properties>
  <testcase name="testPesquisaAmigoEConfiguraAmigoSecretoDe" classname="br.ufpb.dcx.amigosecreto.SistemaAmigoTest" time="0.06">
    <failure message="Expected br.ufpb.dcx.amigosecreto.AmigoInexistenteException to be thrown, but nothing was thrown." type="org.opentest4j.AssertionFailedError">org.opentest4j.AssertionFailedError: Expected br.ufpb.dcx.amigosecreto.AmigoInexistenteException to be thrown, but nothing was thrown.
	at br.ufpb.dcx.amigosecreto.SistemaAmigoTest.testPesquisaAmigoEConfiguraAmigoSecretoDe(SistemaAmigoTest.java:89)
</failure>
  </testcase>
  <testcase name="testPesquisaECadastraAmigo" classname="br.ufpb.dcx.amigosecreto.SistemaAmigoTest" time="0">
    <failure message="Deveria falhar pois não existe ainda" type="org.opentest4j.AssertionFailedError">org.opentest4j.AssertionFailedError: Deveria falhar pois não existe ainda
	at br.ufpb.dcx.amigosecreto.SistemaAmigoTest.testPesquisaECadastraAmigo(SistemaAmigoTest.java:34)
</failure>
  </testcase>
  <testcase name="testEnviarMensagemParaTodos" classname="br.ufpb.dcx.amigosecreto.SistemaAmigoTest" time="0.004">
    <failure message="expected: &lt;true&gt; but was: &lt;false&gt;" type="org.opentest4j.AssertionFailedError"><![CDATA[org.opentest4j.AssertionFailedError: expected: <true> but was: <false>
	at br.ufpb.dcx.amigosecreto.SistemaAmigoTest.testEnviarMensagemParaTodos(SistemaAmigoTest.java:55)
]]></failure>
  </testcase>
  <testcase name="testSistemaAmigo" classname="br.ufpb.dcx.amigosecreto.SistemaAmigoTest" time="0.001">
    <failure message="Expected br.ufpb.dcx.amigosecreto.AmigoInexistenteException to be thrown, but nothing was thrown." type="org.opentest4j.AssertionFailedError">org.opentest4j.AssertionFailedError: Expected br.ufpb.dcx.amigosecreto.AmigoInexistenteException to be thrown, but nothing was thrown.
	at br.ufpb.dcx.amigosecreto.SistemaAmigoTest.testSistemaAmigo(SistemaAmigoTest.java:26)
</failure>
  </testcase>
  <testcase name="testPesquisaTodasAsMensagens" classname="br.ufpb.dcx.amigosecreto.SistemaAmigoTest" time="0.001">
    <failure message="expected: &lt;true&gt; but was: &lt;false&gt;" type="org.opentest4j.AssertionFailedError"><![CDATA[org.opentest4j.AssertionFailedError: expected: <true> but was: <false>
	at br.ufpb.dcx.amigosecreto.SistemaAmigoTest.testPesquisaTodasAsMensagens(SistemaAmigoTest.java:82)
]]></failure>
  </testcase>
  <testcase name="testEnviarMensagemParaAlguem" classname="br.ufpb.dcx.amigosecreto.SistemaAmigoTest" time="0.003">
    <failure message="expected: &lt;1&gt; but was: &lt;0&gt;" type="org.opentest4j.AssertionFailedError"><![CDATA[org.opentest4j.AssertionFailedError: expected: <1> but was: <0>
	at br.ufpb.dcx.amigosecreto.SistemaAmigoTest.testEnviarMensagemParaAlguem(SistemaAmigoTest.java:64)
]]></failure>
  </testcase>
  <testcase name="testPesquisaMensagensAnonimas" classname="br.ufpb.dcx.amigosecreto.SistemaAmigoTest" time="0">
    <error type="java.lang.NullPointerException">java.lang.NullPointerException
	at br.ufpb.dcx.amigosecreto.SistemaAmigoTest.testPesquisaMensagensAnonimas(SistemaAmigoTest.java:73)
</error>
  </testcase>
</testsuite>